<?xml version="1.0" encoding="UTF-8"?>
<!-- Generated by org.testng.reporters.JUnitXMLReporter -->
<testsuite hostname="arsen-System-Product-Name" ignored="0" name="Test-class test" tests="10" failures="0" timestamp="25 Oct 2017 09:19:48 GMT" time="95.077" errors="0">
  <testcase name="sign_up_test" time="15.586" classname="tests.ActionTest"/>
  <testcase name="create_new_action_from_my_Actions" time="8.516" classname="tests.ActionTest"/>
  <testcase name="make_action_urgent" time="8.314" classname="tests.ActionTest"/>
  <testcase name="private_action" time="7.98" classname="tests.ActionTest"/>
  <testcase name="change_private_status" time="9.008" classname="tests.ActionTest"/>
  <testcase name="change_action_title_press_enter" time="9.493" classname="tests.ActionTest"/>
  <testcase name="change_action_title_click_close" time="8.353" classname="tests.ActionTest"/>
  <testcase name="create_new_label" time="8.787" classname="tests.ActionTest"/>
  <testcase name="add_link_to_action_title_and_click" time="9.417" classname="tests.ActionTest"/>
  <testcase name="create_new_subaction" time="9.601" classname="tests.ActionTest"/>
</testsuite> <!-- Test-class test -->
