<?xml version="1.0" encoding="UTF-8"?>
<!-- Generated by org.testng.reporters.JUnitReportReporter -->
<testsuite skipped="0" hostname="arsen-System-Product-Name" name="tests.ActionTest" tests="13" failures="0" timestamp="26 Oct 2017 09:19:37 GMT" time="142.406" errors="0">
  <testcase name="sign_up_test" time="17.328" classname="tests.ActionTest"/>
  <testcase name="create_new_action_from_my_Actions" time="9.034" classname="tests.ActionTest"/>
  <testcase name="make_action_urgent" time="8.764" classname="tests.ActionTest"/>
  <testcase name="private_action" time="8.183" classname="tests.ActionTest"/>
  <testcase name="change_private_status" time="14.537" classname="tests.ActionTest"/>
  <testcase name="change_action_title_press_enter" time="10.238" classname="tests.ActionTest"/>
  <testcase name="change_action_title_click_close" time="9.798" classname="tests.ActionTest"/>
  <testcase name="create_new_label" time="10.086" classname="tests.ActionTest"/>
  <testcase name="add_link_to_action_title_and_click" time="10.836" classname="tests.ActionTest"/>
  <testcase name="create_new_subaction" time="10.581" classname="tests.ActionTest"/>
  <testcase name="go_to_subaction" time="9.473" classname="tests.ActionTest"/>
  <testcase name="create_subaction_url_in_title_and_click" time="10.195" classname="tests.ActionTest"/>
  <testcase name="complite_subaction" time="13.353" classname="tests.ActionTest"/>
</testsuite> <!-- tests.ActionTest -->
