<?xml version="1.0" encoding="UTF-8"?>
<!-- Generated by org.testng.reporters.JUnitReportReporter -->
<testsuite skipped="0" hostname="arsen-System-Product-Name" name="tests.ActionTest" tests="9" failures="0" timestamp="25 Oct 2017 06:50:40 GMT" time="90.636" errors="0">
  <testcase name="sign_up_test" time="14.888" classname="tests.ActionTest"/>
  <testcase name="create_new_action_from_my_Actions" time="7.579" classname="tests.ActionTest"/>
  <testcase name="make_action_urgent" time="9.265" classname="tests.ActionTest"/>
  <testcase name="private_action" time="7.894" classname="tests.ActionTest"/>
  <testcase name="change_private_status" time="8.418" classname="tests.ActionTest"/>
  <testcase name="change_action_title_press_enter" time="17.275" classname="tests.ActionTest"/>
  <testcase name="change_action_title_click_close" time="8.314" classname="tests.ActionTest"/>
  <testcase name="create_new_label" time="8.570" classname="tests.ActionTest"/>
  <testcase name="add_link_to_action_title" time="8.433" classname="tests.ActionTest"/>
</testsuite> <!-- tests.ActionTest -->
