<?xml version="1.0" encoding="UTF-8"?>
<!-- Generated by org.testng.reporters.JUnitReportReporter -->
<testsuite skipped="0" hostname="arsen-System-Product-Name" name="tests.Project_Modal" tests="7" failures="0" timestamp="31 Oct 2017 13:21:30 GMT" time="97.757" errors="0">
  <testcase name="google_signin" time="24.030" classname="tests.Project_Modal"/>
  <testcase name="sign_up_test" time="21.301" classname="tests.Project_Modal"/>
  <testcase name="create_new_project_everyone_status_view" time="11.530" classname="tests.Project_Modal"/>
  <testcase name="create_new_project_everyone_team_view" time="9.986" classname="tests.Project_Modal"/>
  <testcase name="create_new_project_everyone_calendar_view" time="10.312" classname="tests.Project_Modal"/>
  <testcase name="create_new_project_everyone_label_view" time="10.131" classname="tests.Project_Modal"/>
  <testcase name="create_new_project_everyone_Gantt_view" time="10.467" classname="tests.Project_Modal"/>
</testsuite> <!-- tests.Project_Modal -->
