<?xml version="1.0" encoding="UTF-8"?>
<!-- Generated by org.testng.reporters.JUnitReportReporter -->
<testsuite skipped="0" hostname="arsen-System-Product-Name" name="tests.ActionTest" tests="11" failures="0" timestamp="25 Oct 2017 12:10:02 GMT" time="104.227" errors="0">
  <testcase name="sign_up_test" time="16.757" classname="tests.ActionTest"/>
  <testcase name="create_new_action_from_my_Actions" time="7.855" classname="tests.ActionTest"/>
  <testcase name="make_action_urgent" time="8.090" classname="tests.ActionTest"/>
  <testcase name="private_action" time="8.055" classname="tests.ActionTest"/>
  <testcase name="change_private_status" time="9.418" classname="tests.ActionTest"/>
  <testcase name="change_action_title_press_enter" time="9.321" classname="tests.ActionTest"/>
  <testcase name="change_action_title_click_close" time="8.152" classname="tests.ActionTest"/>
  <testcase name="create_new_label" time="8.671" classname="tests.ActionTest"/>
  <testcase name="add_link_to_action_title_and_click" time="9.195" classname="tests.ActionTest"/>
  <testcase name="create_new_subaction" time="9.753" classname="tests.ActionTest"/>
  <testcase name="go_to_subaction" time="8.960" classname="tests.ActionTest"/>
</testsuite> <!-- tests.ActionTest -->
