<?xml version="1.0" encoding="UTF-8"?>
<!-- Generated by org.testng.reporters.JUnitReportReporter -->
<testsuite skipped="0" hostname="arsen-System-Product-Name" name="tests.ActionTest" tests="9" failures="0" timestamp="25 Oct 2017 07:21:11 GMT" time="90.691" errors="0">
  <testcase name="sign_up_test" time="17.465" classname="tests.ActionTest"/>
  <testcase name="create_new_action_from_my_Actions" time="10.726" classname="tests.ActionTest"/>
  <testcase name="make_action_urgent" time="10.105" classname="tests.ActionTest"/>
  <testcase name="private_action" time="7.975" classname="tests.ActionTest"/>
  <testcase name="change_private_status" time="9.410" classname="tests.ActionTest"/>
  <testcase name="change_action_title_press_enter" time="9.584" classname="tests.ActionTest"/>
  <testcase name="change_action_title_click_close" time="8.417" classname="tests.ActionTest"/>
  <testcase name="create_new_label" time="7.927" classname="tests.ActionTest"/>
  <testcase name="add_link_to_action_title_and_click" time="9.082" classname="tests.ActionTest"/>
</testsuite> <!-- tests.ActionTest -->
